Using pre-set license
Built from '2020.3/staging' branch; Version is '2020.3.25f1 (9b9180224418) revision 10195328'; Using compiler version '192528614'; Build Type 'Release'
OS: 'Windows 10  (10.0.19044) 64bit Professional' Language: 'ru' Physical Memory: 3974 MB
BatchMode: 1, IsHumanControllingUs: 0, StartBugReporterOnCrash: 0, Is64bit: 1, IsPro: 0

COMMAND LINE ARGUMENTS:
C:\Program Files\Unity\Hub\Editor\2020.3.25f1\Editor\Unity.exe
-adb2
-batchMode
-noUpm
-name
AssetImportWorker10
-projectPath
E:/Git/Tactic/Tactic Master Project
-logFile
Logs/AssetImportWorker10.log
-srvPort
52739
Successfully changed project path to: E:/Git/Tactic/Tactic Master Project
E:/Git/Tactic/Tactic Master Project
Using Asset Import Pipeline V2.
Refreshing native plugins compatible for Editor in 179.60 ms, found 5 plugins.
Preloading 0 native plugins for Editor in 0.00 ms.
Initialize engine version: 2020.3.25f1 (9b9180224418)
[Subsystems] Discovering subsystems at path C:/Program Files/Unity/Hub/Editor/2020.3.25f1/Editor/Data/Resources/UnitySubsystems
[Subsystems] Discovering subsystems at path E:/Git/Tactic/Tactic Master Project/Assets
GfxDevice: creating device client; threaded=0
Direct3D:
    Version:  Direct3D 11.0 [level 11.0]
    Renderer: NVIDIA GeForce GT 740M (ID=0x1292)
    Vendor:   
    VRAM:     986 MB
    Driver:   25.21.14.2531
Shader 'MoreMountains/MMRipple': fallback shader 'Particle/AlphaBlended' not found
Initialize mono
Mono path[0] = 'C:/Program Files/Unity/Hub/Editor/2020.3.25f1/Editor/Data/Managed'
Mono path[1] = 'C:/Program Files/Unity/Hub/Editor/2020.3.25f1/Editor/Data/MonoBleedingEdge/lib/mono/unityjit'
Mono config path = 'C:/Program Files/Unity/Hub/Editor/2020.3.25f1/Editor/Data/MonoBleedingEdge/etc'
Using monoOptions --debugger-agent=transport=dt_socket,embedding=1,server=y,suspend=n,address=127.0.0.1:56828
Begin MonoManager ReloadAssembly
Registering precompiled unity dll's ...
Register platform support module: C:/Program Files/Unity/Hub/Editor/2020.3.25f1/Editor/Data/PlaybackEngines/WindowsStandaloneSupport/UnityEditor.WindowsStandalone.Extensions.dll
Registered in 0.003839 seconds.
Native extension for WindowsStandalone target not found
Refreshing native plugins compatible for Editor in 152.87 ms, found 5 plugins.
Preloading 0 native plugins for Editor in 0.00 ms.
Mono: successfully reloaded assembly
- Completed reload, in  1.579 seconds
Domain Reload Profiling:
	ReloadAssembly (1580ms)
		BeginReloadAssembly (150ms)
			ExecutionOrderSort (0ms)
			DisableScriptedObjects (0ms)
			BackupInstance (0ms)
			ReleaseScriptingObjects (0ms)
			CreateAndSetChildDomain (5ms)
		EndReloadAssembly (1249ms)
			LoadAssemblies (142ms)
			RebuildTransferFunctionScriptingTraits (0ms)
			SetupTypeCache (401ms)
			ReleaseScriptCaches (0ms)
			RebuildScriptCaches (85ms)
			SetupLoadedEditorAssemblies (501ms)
				LogAssemblyErrors (0ms)
				InitializePlatformSupportModulesInManaged (11ms)
				SetLoadedEditorAssemblies (1ms)
				RefreshPlugins (153ms)
				BeforeProcessingInitializeOnLoad (43ms)
				ProcessInitializeOnLoadAttributes (219ms)
				ProcessInitializeOnLoadMethodAttributes (74ms)
				AfterProcessingInitializeOnLoad (0ms)
				EditorAssembliesLoaded (0ms)
			ExecutionOrderSort2 (0ms)
			AwakeInstancesAfterBackupRestoration (0ms)
Platform modules already initialized, skipping
Registering precompiled user dll's ...
Registered in 0.010758 seconds.
Begin MonoManager ReloadAssembly
Native extension for WindowsStandalone target not found
Refreshing native plugins compatible for Editor in 1.44 ms, found 5 plugins.
Preloading 0 native plugins for Editor in 0.00 ms.
Mono: successfully reloaded assembly
- Completed reload, in  3.292 seconds
Domain Reload Profiling:
	ReloadAssembly (3294ms)
		BeginReloadAssembly (359ms)
			ExecutionOrderSort (0ms)
			DisableScriptedObjects (13ms)
			BackupInstance (0ms)
			ReleaseScriptingObjects (0ms)
			CreateAndSetChildDomain (37ms)
		EndReloadAssembly (2778ms)
			LoadAssemblies (233ms)
			RebuildTransferFunctionScriptingTraits (0ms)
			SetupTypeCache (817ms)
			ReleaseScriptCaches (1ms)
			RebuildScriptCaches (178ms)
			SetupLoadedEditorAssemblies (1279ms)
				LogAssemblyErrors (0ms)
				InitializePlatformSupportModulesInManaged (12ms)
				SetLoadedEditorAssemblies (1ms)
				RefreshPlugins (2ms)
				BeforeProcessingInitializeOnLoad (233ms)
				ProcessInitializeOnLoadAttributes (956ms)
				ProcessInitializeOnLoadMethodAttributes (57ms)
				AfterProcessingInitializeOnLoad (17ms)
				EditorAssembliesLoaded (1ms)
			ExecutionOrderSort2 (0ms)
			AwakeInstancesAfterBackupRestoration (24ms)
Platform modules already initialized, skipping
========================================================================
Worker process is ready to serve import requests
Shader 'MoreMountains/MMRipple': fallback shader 'Particle/AlphaBlended' not found
Launched and connected shader compiler UnityShaderCompiler.exe after 0.12 seconds
Refreshing native plugins compatible for Editor in 1.77 ms, found 5 plugins.
Preloading 0 native plugins for Editor in 0.00 ms.
Unloading 2481 Unused Serialized files (Serialized files now loaded: 0)
System memory in use before: 174.9 MB.
System memory in use after: 174.4 MB.

Unloading 40 unused Assets to reduce memory usage. Loaded Objects now: 2914.
Total: 7.717000 ms (FindLiveObjects: 0.378800 ms CreateObjectMapping: 0.410900 ms MarkObjects: 6.352400 ms  DeleteObjects: 0.572100 ms)

AssetImportParameters requested are different than current active one (requested -> active):
  custom:framework-win-MediaFoundation: 216162199b28c13a410421893ffa2e32 -> 
  custom:video-decoder-ogg-theora: a1e56fd34408186e4bbccfd4996cb3dc -> 
  custom:container-muxer-webm: aa71ff27fc2769a1b78a27578f13a17b -> 
  custom:container-demuxer-webm: 4f35f7cbe854078d1ac9338744f61a02 -> 
  custom:container-demuxer-ogg: 62fdf1f143b41e24485cea50d1cbac27 -> 
  custom:video-encoder-webm-vp8: eb34c28f22e8b96e1ab97ce403110664 -> 
  custom:video-decoder-webm-vp8: 9c59270c3fd7afecdb556c50c9e8de78 -> 
  custom:audio-decoder-ogg-vorbis: bf7c407c2cedff20999df2af8eb42d56 -> 
  custom:audio-encoder-webm-vorbis: bf7c407c2cedff20999df2af8eb42d56 -> 
========================================================================
Received Import Request.
  path: Assets/0.Tactic Master/Scenes
  artifactKey: Guid(05c694b9dd6c807479facdf4733ca7be) Importer(815301076,1909f56bfc062723c751e8b465ee728b)
Start importing Assets/0.Tactic Master/Scenes using Guid(05c694b9dd6c807479facdf4733ca7be) Importer(815301076,1909f56bfc062723c751e8b465ee728b)  -> (artifact id: '72658d70e7bc5f71b609ae12be0fa3ea') in 0.008721 seconds 
  Import took 0.019618 seconds .

========================================================================
Received Import Request.
  Time since last request: 0.000437 seconds.
  path: Assets/0.Tactic Master/Scenes/SampleScene.unity
  artifactKey: Guid(9fc0d4010bbf28b4594072e72b8655ab) Importer(815301076,1909f56bfc062723c751e8b465ee728b)
Start importing Assets/0.Tactic Master/Scenes/SampleScene.unity using Guid(9fc0d4010bbf28b4594072e72b8655ab) Importer(815301076,1909f56bfc062723c751e8b465ee728b)  -> (artifact id: '42754b8cd61df0a1fbfa18973a177a99') in 0.173694 seconds 
  Import took 0.189751 seconds .

========================================================================
Received Import Request.
  Time since last request: 10671.777185 seconds.
  path: Assets/0.Tactic Master/Scripts/Enemy.cs
  artifactKey: Guid(701166aca28aa2a4f9083015f9f19e0f) Importer(815301076,1909f56bfc062723c751e8b465ee728b)
Start importing Assets/0.Tactic Master/Scripts/Enemy.cs using Guid(701166aca28aa2a4f9083015f9f19e0f) Importer(815301076,1909f56bfc062723c751e8b465ee728b)  -> (artifact id: '8526fd75228c0f98f3d768c66230e313') in 0.042198 seconds 
  Import took 0.054125 seconds .

========================================================================
Received Import Request.
  Time since last request: 2.745120 seconds.
  path: Assets/0.Tactic Master/Scripts/Managers
  artifactKey: Guid(7042be926b70db44f9df2b0e2578f643) Importer(815301076,1909f56bfc062723c751e8b465ee728b)
Start importing Assets/0.Tactic Master/Scripts/Managers using Guid(7042be926b70db44f9df2b0e2578f643) Importer(815301076,1909f56bfc062723c751e8b465ee728b)  -> (artifact id: '6d488714e66dce0ec4ba05ebc70d9953') in 0.005772 seconds 
  Import took 0.024434 seconds .

========================================================================
Received Import Request.
  Time since last request: 1.159326 seconds.
  path: Assets/0.Tactic Master/Scripts/FSM
  artifactKey: Guid(09a741d49995aa248a83582fc21ff8aa) Importer(815301076,1909f56bfc062723c751e8b465ee728b)
Start importing Assets/0.Tactic Master/Scripts/FSM using Guid(09a741d49995aa248a83582fc21ff8aa) Importer(815301076,1909f56bfc062723c751e8b465ee728b)  -> (artifact id: '65ccea5f80583476a49af1d76d966254') in 0.007535 seconds 
  Import took 0.031724 seconds .

========================================================================
Received Import Request.
  Time since last request: 1.736644 seconds.
  path: Assets/0.Tactic Master/Scripts/Shooting.cs
  artifactKey: Guid(b76892a0f080ee244b7f83083b4d0622) Importer(815301076,1909f56bfc062723c751e8b465ee728b)
Start importing Assets/0.Tactic Master/Scripts/Shooting.cs using Guid(b76892a0f080ee244b7f83083b4d0622) Importer(815301076,1909f56bfc062723c751e8b465ee728b)  -> (artifact id: '9d40c076ec7f7af022de530ad497fe2a') in 0.008766 seconds 
  Import took 0.037505 seconds .

========================================================================
Received Import Request.
  Time since last request: 156.810188 seconds.
  path: Assets/0.Tactic Master/Animations/Player.controller
  artifactKey: Guid(0bbd34f0c4cc13943af31a517bb077d7) Importer(815301076,1909f56bfc062723c751e8b465ee728b)
Start importing Assets/0.Tactic Master/Animations/Player.controller using Guid(0bbd34f0c4cc13943af31a517bb077d7) Importer(815301076,1909f56bfc062723c751e8b465ee728b)  -> (artifact id: '62bafc9e00e4d408207ae9a6586e1514') in 5.223046 seconds 
  Import took 5.239656 seconds .

========================================================================
Received Import Request.
  Time since last request: 30.745524 seconds.
  path: Assets/AssetStore/Frank_RPG_Gunslinger/Assets/Animations/FBX/6Shots.anim
  artifactKey: Guid(eb41481735aee284b99386a5930679ad) Importer(815301076,1909f56bfc062723c751e8b465ee728b)
Start importing Assets/AssetStore/Frank_RPG_Gunslinger/Assets/Animations/FBX/6Shots.anim using Guid(eb41481735aee284b99386a5930679ad) Importer(815301076,1909f56bfc062723c751e8b465ee728b)  -> (artifact id: '306d950c4482186b6e7569f05efdd1b6') in 3.825830 seconds 
  Import took 3.900428 seconds .

========================================================================
Received Import Request.
  Time since last request: 28.556812 seconds.
  path: Assets/AssetStore/Frank_RPG_Gunslinger/Assets/Animations/FBX/AimWithGun.anim
  artifactKey: Guid(5d4c253a6bd82af44a02761b1f11e982) Importer(815301076,1909f56bfc062723c751e8b465ee728b)
Start importing Assets/AssetStore/Frank_RPG_Gunslinger/Assets/Animations/FBX/AimWithGun.anim using Guid(5d4c253a6bd82af44a02761b1f11e982) Importer(815301076,1909f56bfc062723c751e8b465ee728b)  -> (artifact id: '997583b3aa5617eb83686eeec9386323') in 0.335905 seconds 
  Import took 0.436737 seconds .

========================================================================
Received Import Request.
  Time since last request: 77.418075 seconds.
  path: Assets/AssetStore/Frank_RPG_Gunslinger/Assets/Animations/FBX/Take 001.anim
  artifactKey: Guid(c46235f5cbff1af4fb850c2fa399fa4e) Importer(815301076,1909f56bfc062723c751e8b465ee728b)
Start importing Assets/AssetStore/Frank_RPG_Gunslinger/Assets/Animations/FBX/Take 001.anim using Guid(c46235f5cbff1af4fb850c2fa399fa4e) Importer(815301076,1909f56bfc062723c751e8b465ee728b)  -> (artifact id: 'f4b65663c35e98ab2f941830de08e580') in 0.300221 seconds 
  Import took 0.320155 seconds .

========================================================================
Received Import Request.
  Time since last request: 6.230421 seconds.
  path: Assets/AssetStore/Frank_RPG_Gunslinger/Assets/Animations/FBX/SingleShot.anim
  artifactKey: Guid(c46235f5cbff1af4fb850c2fa399fa4e) Importer(815301076,1909f56bfc062723c751e8b465ee728b)
Start importing Assets/AssetStore/Frank_RPG_Gunslinger/Assets/Animations/FBX/SingleShot.anim using Guid(c46235f5cbff1af4fb850c2fa399fa4e) Importer(815301076,1909f56bfc062723c751e8b465ee728b)  -> (artifact id: '39beeed1603eab94d6478ac3a29684df') in 0.220978 seconds 
  Import took 0.252507 seconds .

========================================================================
Received Import Request.
  Time since last request: 20.976535 seconds.
  path: Assets/AssetStore/Frank_RPG_Gunslinger/Assets/Animations/FBX/TrippleStrike.anim
  artifactKey: Guid(88e5bc638e4383545b1e53a3cd0503f9) Importer(815301076,1909f56bfc062723c751e8b465ee728b)
Start importing Assets/AssetStore/Frank_RPG_Gunslinger/Assets/Animations/FBX/TrippleStrike.anim using Guid(88e5bc638e4383545b1e53a3cd0503f9) Importer(815301076,1909f56bfc062723c751e8b465ee728b)  -> (artifact id: 'a28941fd2c18d8683823f0c5bda41d96') in 5.227418 seconds 
  Import took 5.250686 seconds .

========================================================================
Received Import Request.
  Time since last request: 32.340975 seconds.
  path: Assets/AssetStore/Frank_RPG_Gunslinger/Assets/Animations/FBX/Frank_RPG_Gunslinger_Walk_Faster.FBX
  artifactKey: Guid(eb1318a80a17a824484924473820013a) Importer(815301076,1909f56bfc062723c751e8b465ee728b)
Start importing Assets/AssetStore/Frank_RPG_Gunslinger/Assets/Animations/FBX/Frank_RPG_Gunslinger_Walk_Faster.FBX using Guid(eb1318a80a17a824484924473820013a) Importer(815301076,1909f56bfc062723c751e8b465ee728b)  -> (artifact id: '7d361d0977f2c9bf4bb9abc5e5718f5b') in 0.250755 seconds 
  Import took 0.265258 seconds .

========================================================================
Received Import Request.
  Time since last request: 93.466815 seconds.
  path: Assets/AssetStore/Frank_RPG_Gunslinger/Assets/Animations/FBX/Take 001.anim
  artifactKey: Guid(f1074f8fbe001b048b9480270221f2d2) Importer(815301076,1909f56bfc062723c751e8b465ee728b)
Start importing Assets/AssetStore/Frank_RPG_Gunslinger/Assets/Animations/FBX/Take 001.anim using Guid(f1074f8fbe001b048b9480270221f2d2) Importer(815301076,1909f56bfc062723c751e8b465ee728b)  -> (artifact id: '25b1ec5acbdfd0d062d506ce8b9505e6') in 0.404091 seconds 
  Import took 0.447963 seconds .

========================================================================
Received Import Request.
  Time since last request: 15.233142 seconds.
  path: Assets/AssetStore/Frank_RPG_Gunslinger/Assets/Animations/FBX/TrippleShot.anim
  artifactKey: Guid(f1074f8fbe001b048b9480270221f2d2) Importer(815301076,1909f56bfc062723c751e8b465ee728b)
Start importing Assets/AssetStore/Frank_RPG_Gunslinger/Assets/Animations/FBX/TrippleShot.anim using Guid(f1074f8fbe001b048b9480270221f2d2) Importer(815301076,1909f56bfc062723c751e8b465ee728b)  -> (artifact id: '4cbd15d149026966f09a1fe7e137e774') in 0.411195 seconds 
  Import took 0.425341 seconds .

========================================================================
Received Import Request.
  Time since last request: 35.535202 seconds.
  path: Assets/AssetStore/Frank_RPG_Gunslinger/Assets/Animations/FBX/GunQuadro2.anim
  artifactKey: Guid(20a298edbbc39924ca50c0d35c6d904a) Importer(815301076,1909f56bfc062723c751e8b465ee728b)
Start importing Assets/AssetStore/Frank_RPG_Gunslinger/Assets/Animations/FBX/GunQuadro2.anim using Guid(20a298edbbc39924ca50c0d35c6d904a) Importer(815301076,1909f56bfc062723c751e8b465ee728b)  -> (artifact id: '074601390745721309f71cecb49466d4') in 0.683407 seconds 
  Import took 0.696525 seconds .

========================================================================
Received Import Request.
  Time since last request: 55.771664 seconds.
  path: Assets/AssetStore/Frank_RPG_Gunslinger/Assets/Animations/FBX/GunSingleShotSimple.anim
  artifactKey: Guid(fe885230a791a464cb387c02cc863280) Importer(815301076,1909f56bfc062723c751e8b465ee728b)
Start importing Assets/AssetStore/Frank_RPG_Gunslinger/Assets/Animations/FBX/GunSingleShotSimple.anim using Guid(fe885230a791a464cb387c02cc863280) Importer(815301076,1909f56bfc062723c751e8b465ee728b)  -> (artifact id: '0060a46008b31b91d49eca9c500d5445') in 0.086405 seconds 
  Import took 0.097837 seconds .

========================================================================
Received Import Request.
  Time since last request: 5.591787 seconds.
  path: Assets/AssetStore/Frank_RPG_Gunslinger/Assets/Animations/FBX/GunSinglePowerFull.anim
  artifactKey: Guid(8d68a54a7d71d2543a8174b7eb27a18e) Importer(815301076,1909f56bfc062723c751e8b465ee728b)
Start importing Assets/AssetStore/Frank_RPG_Gunslinger/Assets/Animations/FBX/GunSinglePowerFull.anim using Guid(8d68a54a7d71d2543a8174b7eb27a18e) Importer(815301076,1909f56bfc062723c751e8b465ee728b)  -> (artifact id: 'ca97dea68d6dd67e9707a6402abc294c') in 0.360889 seconds 
  Import took 0.372922 seconds .

========================================================================
Received Import Request.
  Time since last request: 29.294224 seconds.
  path: Assets/AssetStore/Frank_RPG_Gunslinger/Assets/Animations/FBX/Take 001.anim
  artifactKey: Guid(a11c42e824333ea4f9020f240aa3766b) Importer(815301076,1909f56bfc062723c751e8b465ee728b)
Start importing Assets/AssetStore/Frank_RPG_Gunslinger/Assets/Animations/FBX/Take 001.anim using Guid(a11c42e824333ea4f9020f240aa3766b) Importer(815301076,1909f56bfc062723c751e8b465ee728b)  -> (artifact id: '1b67bc8e5785987faa14609acc4fd53b') in 0.582372 seconds 
  Import took 0.605899 seconds .

========================================================================
Received Import Request.
  Time since last request: 0.000377 seconds.
  path: Assets/AssetStore/Frank_RPG_Gunslinger/Assets/Animations/FBX/RunFaster.anim
  artifactKey: Guid(0728e3bb545820c41ad951f2a28a7529) Importer(815301076,1909f56bfc062723c751e8b465ee728b)
Start importing Assets/AssetStore/Frank_RPG_Gunslinger/Assets/Animations/FBX/RunFaster.anim using Guid(0728e3bb545820c41ad951f2a28a7529) Importer(815301076,1909f56bfc062723c751e8b465ee728b)  -> (artifact id: 'e17bc480c5a1459ba85832edd189db67') in 0.174721 seconds 
  Import took 0.195276 seconds .

========================================================================
Received Import Request.
  Time since last request: 9.394860 seconds.
  path: Assets/AssetStore/Frank_RPG_Gunslinger/Assets/Animations/FBX/MegaShot.anim
  artifactKey: Guid(a11c42e824333ea4f9020f240aa3766b) Importer(815301076,1909f56bfc062723c751e8b465ee728b)
Start importing Assets/AssetStore/Frank_RPG_Gunslinger/Assets/Animations/FBX/MegaShot.anim using Guid(a11c42e824333ea4f9020f240aa3766b) Importer(815301076,1909f56bfc062723c751e8b465ee728b)  -> (artifact id: '0e7e0282c72f1e8f5291a3a6562754d2') in 1.648413 seconds 
  Import took 1.662863 seconds .

========================================================================
Received Import Request.
  Time since last request: 60.014811 seconds.
  path: Assets/AssetStore/Frank_RPG_Gunslinger/Assets/Animations/FBX/RunWithGun2.anim
  artifactKey: Guid(479bec8accb71de4693d8fef06152203) Importer(815301076,1909f56bfc062723c751e8b465ee728b)
Start importing Assets/AssetStore/Frank_RPG_Gunslinger/Assets/Animations/FBX/RunWithGun2.anim using Guid(479bec8accb71de4693d8fef06152203) Importer(815301076,1909f56bfc062723c751e8b465ee728b)  -> (artifact id: 'f06c1e3d96849065c9d04bc2d653ee3c') in 0.200630 seconds 
  Import took 0.212306 seconds .

========================================================================
Received Import Request.
  Time since last request: 4.431225 seconds.
  path: Assets/AssetStore/Frank_RPG_Gunslinger/Assets/Animations/FBX/GunTriple.anim
  artifactKey: Guid(0909fbfb914934a448112c736a5961a6) Importer(815301076,1909f56bfc062723c751e8b465ee728b)
Start importing Assets/AssetStore/Frank_RPG_Gunslinger/Assets/Animations/FBX/GunTriple.anim using Guid(0909fbfb914934a448112c736a5961a6) Importer(815301076,1909f56bfc062723c751e8b465ee728b)  -> (artifact id: 'e3d53f2caa17753e6e99c4bf1fff97c4') in 0.478417 seconds 
  Import took 0.490140 seconds .

========================================================================
Received Import Request.
  Time since last request: 41.893925 seconds.
  path: Assets/AssetStore/Frank_RPG_Gunslinger/Assets/Animations/FBX/GunDuo.anim
  artifactKey: Guid(20a298edbbc39924ca50c0d35c6d904a) Importer(815301076,1909f56bfc062723c751e8b465ee728b)
Start importing Assets/AssetStore/Frank_RPG_Gunslinger/Assets/Animations/FBX/GunDuo.anim using Guid(20a298edbbc39924ca50c0d35c6d904a) Importer(815301076,1909f56bfc062723c751e8b465ee728b)  -> (artifact id: '8408918ed33cd569b7dcf9095be3191e') in 0.587228 seconds 
  Import took 0.617638 seconds .

========================================================================
Received Import Request.
  Time since last request: 129.537712 seconds.
  path: Assets/AssetStore/Frank_RPG_Gunslinger/Assets/Animations/FBX/Frank_RPG_Gunslinger_Walk_Faster_Velocity.FBX
  artifactKey: Guid(2bd74aaf99bc5924aa0c0309aa16af8a) Importer(815301076,1909f56bfc062723c751e8b465ee728b)
Start importing Assets/AssetStore/Frank_RPG_Gunslinger/Assets/Animations/FBX/Frank_RPG_Gunslinger_Walk_Faster_Velocity.FBX using Guid(2bd74aaf99bc5924aa0c0309aa16af8a) Importer(815301076,1909f56bfc062723c751e8b465ee728b)  -> (artifact id: '4dcb6cb8dee507b24ba43c5cf88c8d69') in 0.028052 seconds 
  Import took 0.050544 seconds .

========================================================================
Received Import Request.
  Time since last request: 1076.931904 seconds.
  path: Assets/AssetStore/Frank_RPG_Gunslinger/Assets/Animations/FBX/GunSingleShotSimple.anim
  artifactKey: Guid(fe885230a791a464cb387c02cc863280) Importer(815301076,1909f56bfc062723c751e8b465ee728b)
Start importing Assets/AssetStore/Frank_RPG_Gunslinger/Assets/Animations/FBX/GunSingleShotSimple.anim using Guid(fe885230a791a464cb387c02cc863280) Importer(815301076,1909f56bfc062723c751e8b465ee728b)  -> (artifact id: 'fc497696ac5c1495b7a0aa20d4426328') in 0.303573 seconds 
  Import took 0.338443 seconds .

========================================================================
Received Prepare
Registering precompiled user dll's ...
Registered in 0.028642 seconds.
Begin MonoManager ReloadAssembly
Native extension for WindowsStandalone target not found
Refreshing native plugins compatible for Editor in 12.74 ms, found 5 plugins.
Preloading 0 native plugins for Editor in 0.00 ms.
Mono: successfully reloaded assembly
- Completed reload, in 20.271 seconds
Domain Reload Profiling:
	ReloadAssembly (20316ms)
		BeginReloadAssembly (4673ms)
			ExecutionOrderSort (4ms)
			DisableScriptedObjects (495ms)
			BackupInstance (0ms)
			ReleaseScriptingObjects (2ms)
			CreateAndSetChildDomain (2722ms)
		EndReloadAssembly (14568ms)
			LoadAssemblies (1689ms)
			RebuildTransferFunctionScriptingTraits (12ms)
			SetupTypeCache (5131ms)
			ReleaseScriptCaches (7ms)
			RebuildScriptCaches (926ms)
			SetupLoadedEditorAssemblies (4591ms)
				LogAssemblyErrors (0ms)
				InitializePlatformSupportModulesInManaged (86ms)
				SetLoadedEditorAssemblies (4ms)
				RefreshPlugins (13ms)
				BeforeProcessingInitializeOnLoad (1227ms)
				ProcessInitializeOnLoadAttributes (2945ms)
				ProcessInitializeOnLoadMethodAttributes (225ms)
				AfterProcessingInitializeOnLoad (89ms)
				EditorAssembliesLoaded (2ms)
			ExecutionOrderSort2 (0ms)
			AwakeInstancesAfterBackupRestoration (94ms)
Platform modules already initialized, skipping
Shader 'MoreMountains/MMRipple': fallback shader 'Particle/AlphaBlended' not found
Refreshing native plugins compatible for Editor in 1.70 ms, found 5 plugins.
Preloading 0 native plugins for Editor in 0.00 ms.
Unloading 2441 Unused Serialized files (Serialized files now loaded: 0)
System memory in use before: 171.4 MB.
System memory in use after: 171.0 MB.

Unloading 35 unused Assets to reduce memory usage. Loaded Objects now: 2916.
Total: 8.721500 ms (FindLiveObjects: 0.377300 ms CreateObjectMapping: 0.241600 ms MarkObjects: 7.250800 ms  DeleteObjects: 0.848500 ms)

AssetImportParameters requested are different than current active one (requested -> active):
  custom:framework-win-MediaFoundation: 216162199b28c13a410421893ffa2e32 -> 
  custom:video-decoder-ogg-theora: a1e56fd34408186e4bbccfd4996cb3dc -> 
  custom:container-muxer-webm: aa71ff27fc2769a1b78a27578f13a17b -> 
  custom:container-demuxer-webm: 4f35f7cbe854078d1ac9338744f61a02 -> 
  custom:container-demuxer-ogg: 62fdf1f143b41e24485cea50d1cbac27 -> 
  custom:video-encoder-webm-vp8: eb34c28f22e8b96e1ab97ce403110664 -> 
  custom:video-decoder-webm-vp8: 9c59270c3fd7afecdb556c50c9e8de78 -> 
  custom:audio-decoder-ogg-vorbis: bf7c407c2cedff20999df2af8eb42d56 -> 
  custom:audio-encoder-webm-vorbis: bf7c407c2cedff20999df2af8eb42d56 -> 
AssetImportWorkerClient::OnTransportError - code=2 error=End of file
